c:\users\aspradley\documents\4d-win32api-4d-win32api_6.2\source code\visual c++ project\objs\release\win32api.bsc
c:\users\aspradley\documents\github\4d-win32api\source code\visual c++ project\objs\release\win32api.bsc
c:\users\aspradley\documents\4d-win32api-4d-win32api_6.2\source code\visual c++ project\objs\release\vc120.pdb
c:\users\aspradley\documents\4d-win32api-4d-win32api_6.2\source code\visual c++ project\objs\release\4dplugin.sbr
c:\users\aspradley\documents\4d-win32api-4d-win32api_6.2\source code\visual c++ project\objs\release\4dplugin040202.sbr
c:\users\aspradley\documents\4d-win32api-4d-win32api_6.2\source code\visual c++ project\objs\release\4dplugin082102.sbr
c:\users\aspradley\documents\4d-win32api-4d-win32api_6.2\source code\visual c++ project\objs\release\4dplugin2.sbr
c:\users\aspradley\documents\4d-win32api-4d-win32api_6.2\source code\visual c++ project\objs\release\eztwain.sbr
c:\users\aspradley\documents\4d-win32api-4d-win32api_6.2\source code\visual c++ project\objs\release\linkedlist.sbr
c:\users\aspradley\documents\4d-win32api-4d-win32api_6.2\source code\visual c++ project\objs\release\registry.sbr
c:\users\aspradley\documents\4d-win32api-4d-win32api_6.2\source code\visual c++ project\objs\release\trayicon.sbr
c:\users\aspradley\documents\4d-win32api-4d-win32api_6.2\source code\visual c++ project\objs\release\utilities.sbr
c:\users\aspradley\documents\4d-win32api-4d-win32api_6.2\source code\visual c++ project\objs\release\sys_getdocumentlist.sbr
c:\users\aspradley\documents\4d-win32api-4d-win32api_6.2\source code\visual c++ project\objs\release\4dpluginapi.sbr
c:\users\aspradley\documents\4d-win32api-4d-win32api_6.2\source code\visual c++ project\objs\release\4dpluginapi.obj
c:\users\aspradley\documents\4d-win32api-4d-win32api_6.2\source code\visual c++ project\objs\release\sys_getdocumentlist.obj
c:\users\aspradley\documents\4d-win32api-4d-win32api_6.2\source code\visual c++ project\objs\release\utilities.obj
c:\users\aspradley\documents\4d-win32api-4d-win32api_6.2\source code\visual c++ project\objs\release\trayicon.obj
c:\users\aspradley\documents\4d-win32api-4d-win32api_6.2\source code\visual c++ project\objs\release\registry.obj
c:\users\aspradley\documents\4d-win32api-4d-win32api_6.2\source code\visual c++ project\objs\release\linkedlist.obj
c:\users\aspradley\documents\4d-win32api-4d-win32api_6.2\source code\visual c++ project\objs\release\eztwain.obj
c:\users\aspradley\documents\4d-win32api-4d-win32api_6.2\source code\visual c++ project\objs\release\4dplugin2.obj
c:\users\aspradley\documents\4d-win32api-4d-win32api_6.2\source code\visual c++ project\objs\release\4dplugin082102.obj
c:\users\aspradley\documents\4d-win32api-4d-win32api_6.2\source code\visual c++ project\objs\release\4dplugin040202.obj
c:\users\aspradley\documents\4d-win32api-4d-win32api_6.2\source code\visual c++ project\objs\release\4dplugin.obj
c:\users\aspradley\documents\github\4d-win32api\source code\visual c++ project\objs\release\vc120.pdb
c:\users\aspradley\documents\github\4d-win32api\source code\visual c++ project\objs\release\4dplugin.sbr
c:\users\aspradley\documents\github\4d-win32api\source code\visual c++ project\objs\release\4dplugin040202.sbr
c:\users\aspradley\documents\github\4d-win32api\source code\visual c++ project\objs\release\4dplugin082102.sbr
c:\users\aspradley\documents\github\4d-win32api\source code\visual c++ project\objs\release\4dplugin2.sbr
c:\users\aspradley\documents\github\4d-win32api\source code\visual c++ project\objs\release\eztwain.sbr
c:\users\aspradley\documents\github\4d-win32api\source code\visual c++ project\objs\release\linkedlist.sbr
c:\users\aspradley\documents\github\4d-win32api\source code\visual c++ project\objs\release\registry.sbr
c:\users\aspradley\documents\github\4d-win32api\source code\visual c++ project\objs\release\trayicon.sbr
c:\users\aspradley\documents\github\4d-win32api\source code\visual c++ project\objs\release\utilities.sbr
c:\users\aspradley\documents\github\4d-win32api\source code\visual c++ project\objs\release\sys_getdocumentlist.sbr
c:\users\aspradley\documents\github\4d-win32api\source code\visual c++ project\objs\release\4dpluginapi.sbr
c:\users\aspradley\documents\github\4d-win32api\source code\visual c++ project\objs\release\4dpluginapi.obj
c:\users\aspradley\documents\github\4d-win32api\source code\visual c++ project\objs\release\sys_getdocumentlist.obj
c:\users\aspradley\documents\github\4d-win32api\source code\visual c++ project\objs\release\utilities.obj
c:\users\aspradley\documents\github\4d-win32api\source code\visual c++ project\objs\release\trayicon.obj
c:\users\aspradley\documents\github\4d-win32api\source code\visual c++ project\objs\release\registry.obj
c:\users\aspradley\documents\github\4d-win32api\source code\visual c++ project\objs\release\linkedlist.obj
c:\users\aspradley\documents\github\4d-win32api\source code\visual c++ project\objs\release\eztwain.obj
c:\users\aspradley\documents\github\4d-win32api\source code\visual c++ project\objs\release\4dplugin2.obj
c:\users\aspradley\documents\github\4d-win32api\source code\visual c++ project\objs\release\4dplugin082102.obj
c:\users\aspradley\documents\github\4d-win32api\source code\visual c++ project\objs\release\4dplugin040202.obj
c:\users\aspradley\documents\github\4d-win32api\source code\visual c++ project\objs\release\4dplugin.obj
c:\users\aspradley\documents\4d-win32api-4d-win32api_6.2\source code\visual c++ project\win32api\bin\release\win32api.4dx
c:\users\aspradley\documents\4d-win32api-4d-win32api_6.2\source code\visual c++ project\objs\release\comdlg32.res
c:\users\aspradley\documents\github\4d-win32api\source code\visual c++ project\objs\release\comdlg32.res
c:\users\aspradley\documents\4d-win32api-4d-win32api_6.2\source code\visual c++ project\objs\release\win32api.lib
c:\users\aspradley\documents\4d-win32api-4d-win32api_6.2\source code\visual c++ project\objs\release\win32api.exp
c:\users\aspradley\documents\github\4d-win32api\source code\visual c++ project\objs\release\win32api.lib
c:\users\aspradley\documents\github\4d-win32api\source code\visual c++ project\objs\release\win32api.exp
c:\users\aspradley\documents\github\4d-win32api\source code\visual c++ project\objs\release\win32api.tlog\bscmake.command.1.tlog
c:\users\aspradley\documents\github\4d-win32api\source code\visual c++ project\objs\release\win32api.tlog\bscmake.read.1.tlog
c:\users\aspradley\documents\github\4d-win32api\source code\visual c++ project\objs\release\win32api.tlog\bscmake.write.1.tlog
c:\users\aspradley\documents\github\4d-win32api\source code\visual c++ project\objs\release\win32api.tlog\cl.command.1.tlog
c:\users\aspradley\documents\github\4d-win32api\source code\visual c++ project\objs\release\win32api.tlog\cl.read.1.tlog
c:\users\aspradley\documents\github\4d-win32api\source code\visual c++ project\objs\release\win32api.tlog\cl.write.1.tlog
c:\users\aspradley\documents\github\4d-win32api\source code\visual c++ project\objs\release\win32api.tlog\link.command.1.tlog
c:\users\aspradley\documents\github\4d-win32api\source code\visual c++ project\objs\release\win32api.tlog\link.read.1.tlog
c:\users\aspradley\documents\github\4d-win32api\source code\visual c++ project\objs\release\win32api.tlog\link.write.1.tlog
c:\users\aspradley\documents\github\4d-win32api\source code\visual c++ project\objs\release\win32api.tlog\rc.command.1.tlog
c:\users\aspradley\documents\github\4d-win32api\source code\visual c++ project\objs\release\win32api.tlog\rc.read.1.tlog
c:\users\aspradley\documents\github\4d-win32api\source code\visual c++ project\objs\release\win32api.tlog\rc.write.1.tlog
c:\users\aspradley\documents\github\4d-win32api\source code\visual c++ project\objs\release\win32api.tlog\win32api.write.1u.tlog
